<?xml version="1.0" encoding="UTF-8"?>
<!-- Generated by org.testng.reporters.JUnitReportReporter -->
<testsuite skipped="0" hostname="SAHIL" name="com.Testcases.Login_Test" tests="2" failures="0" timestamp="20 Aug 2020 12:15:57 GMT" time="16.631" errors="0">
  <testcase name="checktitle" time="0.033" classname="com.Testcases.Login_Test"/>
  <testcase name="login_detail" time="16.598" classname="com.Testcases.Login_Test"/>
</testsuite> <!-- com.Testcases.Login_Test -->
