<?xml version="1.0" encoding="UTF-8"?>
<!-- Generated by org.testng.reporters.JUnitReportReporter -->
<testsuite skipped="0" hostname="SAHIL" name="com.Testcases.Home_test" tests="2" failures="0" timestamp="20 Aug 2020 12:15:57 GMT" time="7.269" errors="0">
  <testcase name="Admin" time="5.798" classname="com.Testcases.Home_test"/>
  <testcase name="log_out" time="1.471" classname="com.Testcases.Home_test"/>
</testsuite> <!-- com.Testcases.Home_test -->
